<?xml version="1.0" encoding="UTF-8"?>
<!-- Generated by org.testng.reporters.JUnitReportReporter -->
<testsuite hostname="DOMY-PC" failures="0" tests="9" name="hr.ferit.dominikzivko.hgtest.CartTests" time="67.545" errors="0" timestamp="20 Feb 2022 15:16:50 GMT" skipped="0">
  <testcase classname="hr.ferit.dominikzivko.hgtest.CartTests" name="Modify article amount" time="8.502"/>
  <testcase classname="hr.ferit.dominikzivko.hgtest.CartTests" name="Remove article from cart" time="9.197"/>
  <testcase classname="hr.ferit.dominikzivko.hgtest.CartTests" name="Modify article amount" time="7.887"/>
  <testcase classname="hr.ferit.dominikzivko.hgtest.CartTests" name="Remove article from cart" time="13.061"/>
  <testcase classname="hr.ferit.dominikzivko.hgtest.CartTests" name="Remove article from cart" time="9.287"/>
  <testcase classname="hr.ferit.dominikzivko.hgtest.CartTests" name="Modify article amount" time="4.844"/>
  <testcase classname="hr.ferit.dominikzivko.hgtest.CartTests" name="Add article to cart" time="3.775"/>
  <testcase classname="hr.ferit.dominikzivko.hgtest.CartTests" name="Add article to cart" time="7.255"/>
  <testcase classname="hr.ferit.dominikzivko.hgtest.CartTests" name="Add article to cart" time="3.737"/>
</testsuite> <!-- hr.ferit.dominikzivko.hgtest.CartTests -->
