<?xml version="1.0" encoding="UTF-8"?>
<!-- Generated by org.testng.reporters.JUnitReportReporter -->
<testsuite hostname="DOMY-PC" failures="0" tests="3" name="hr.ferit.dominikzivko.hgtest.HomePageTests" time="9.484" errors="0" timestamp="18 Feb 2022 19:50:51 GMT" skipped="0">
  <testcase classname="hr.ferit.dominikzivko.hgtest.HomePageTests" name="Search returns result" time="4.856"/>
  <testcase classname="hr.ferit.dominikzivko.hgtest.HomePageTests" name="Search returns result" time="2.073"/>
  <testcase classname="hr.ferit.dominikzivko.hgtest.HomePageTests" name="Search returns result" time="2.555"/>
</testsuite> <!-- hr.ferit.dominikzivko.hgtest.HomePageTests -->
